# JRE version: OpenJDK Runtime Environment Temurin-21.0.9+10 (21.0.9+10) (build 21.0.9+10-LTS)
# Java VM: OpenJDK 64-Bit Server VM Temurin-21.0.9+10 (21.0.9+10-LTS, mixed mode, sharing, tiered, compressed oops, compressed class ptrs, g1 gc, windows-amd64)
GC Precious Log:
 CardTable entry size: 512
 Card Set container configuration: InlinePtr #cards 5 size 8 Array Of Cards #cards 12 size 40 Howl #buckets 4 coarsen threshold 1843 Howl Bitmap #cards 512 size 80 coarsen threshold 460 Card regions per heap region 1 cards per card region 2048
 CPUs: 16 total, 16 available
 Memory: 15770M
 Large Page Support: Disabled
 NUMA Support: Disabled
 Compressed Oops: Enabled (32-bit)
 Heap Region Size: 1M
 Heap Min Capacity: 128M
 Heap Initial Capacity: 128M
 Heap Max Capacity: 2G
 Pre-touch: Disabled
 Parallel Workers: 13
 Concurrent Workers: 3
 Concurrent Refinement Workers: 13
 Periodic GC: Disabled
Heap:
 garbage-first heap   total 143360K, used 113651K [0x0000000080000000, 0x0000000100000000)
  region size 1024K, 68 young (69632K), 4 survivors (4096K)
 Metaspace       used 64559K, committed 65856K, reserved 491520K
  class space    used 9154K, committed 9792K, reserved 425984K
GC Heap History (20 events):
Event: 1.110 GC heap before
{Heap before GC invocations=1 (full 0):
 garbage-first heap   total 131072K, used 41237K [0x0000000080000000, 0x0000000100000000)
  region size 1024K, 39 young (39936K), 3 survivors (3072K)
 Metaspace       used 4450K, committed 4672K, reserved 491520K
  class space    used 559K, committed 640K, reserved 425984K
}
Event: 1.115 GC heap after
{Heap after GC invocations=2 (full 0):
 garbage-first heap   total 131072K, used 10821K [0x0000000080000000, 0x0000000100000000)
  region size 1024K, 5 young (5120K), 5 survivors (5120K)
 Metaspace       used 4450K, committed 4672K, reserved 491520K
  class space    used 559K, committed 640K, reserved 425984K
}
Event: 1.742 GC heap before
{Heap before GC invocations=2 (full 0):
 garbage-first heap   total 131072K, used 63045K [0x0000000080000000, 0x0000000100000000)
  region size 1024K, 54 young (55296K), 5 survivors (5120K)
 Metaspace       used 6626K, committed 6848K, reserved 491520K
  class space    used 894K, committed 1024K, reserved 425984K
}
Event: 1.750 GC heap after
{Heap after GC invocations=3 (full 0):
 garbage-first heap   total 131072K, used 17838K [0x0000000080000000, 0x0000000100000000)
  region size 1024K, 6 young (6144K), 6 survivors (6144K)
 Metaspace       used 6626K, committed 6848K, reserved 491520K
  class space    used 894K, committed 1024K, reserved 425984K
}
Event: 3.295 GC heap before
{Heap before GC invocations=3 (full 0):
 garbage-first heap   total 131072K, used 89518K [0x0000000080000000, 0x0000000100000000)
  region size 1024K, 76 young (77824K), 6 survivors (6144K)
 Metaspace       used 19445K, committed 20096K, reserved 491520K
  class space    used 2840K, committed 3136K, reserved 425984K
}
Event: 3.301 GC heap after
{Heap after GC invocations=4 (full 0):
 garbage-first heap   total 131072K, used 22931K [0x0000000080000000, 0x0000000100000000)
  region size 1024K, 6 young (6144K), 6 survivors (6144K)
 Metaspace       used 19445K, committed 20096K, reserved 491520K
  class space    used 2840K, committed 3136K, reserved 425984K
}
Event: 3.530 GC heap before
{Heap before GC invocations=4 (full 0):
 garbage-first heap   total 131072K, used 35219K [0x0000000080000000, 0x0000000100000000)
  region size 1024K, 19 young (19456K), 6 survivors (6144K)
 Metaspace       used 20875K, committed 21504K, reserved 491520K
  class space    used 3080K, committed 3392K, reserved 425984K
}
Event: 3.534 GC heap after
{Heap after GC invocations=5 (full 0):
 garbage-first heap   total 131072K, used 23973K [0x0000000080000000, 0x0000000100000000)
  region size 1024K, 7 young (7168K), 7 survivors (7168K)
 Metaspace       used 20875K, committed 21504K, reserved 491520K
  class space    used 3080K, committed 3392K, reserved 425984K
}
Event: 4.367 GC heap before
{Heap before GC invocations=6 (full 0):
 garbage-first heap   total 131072K, used 93605K [0x0000000080000000, 0x0000000100000000)
  region size 1024K, 76 young (77824K), 7 survivors (7168K)
 Metaspace       used 29751K, committed 30720K, reserved 491520K
  class space    used 4358K, committed 4800K, reserved 425984K
}
Event: 4.372 GC heap after
{Heap after GC invocations=7 (full 0):
 garbage-first heap   total 131072K, used 29220K [0x0000000080000000, 0x0000000100000000)
  region size 1024K, 7 young (7168K), 7 survivors (7168K)
 Metaspace       used 29751K, committed 30720K, reserved 491520K
  class space    used 4358K, committed 4800K, reserved 425984K
}
Event: 5.315 GC heap before
{Heap before GC invocations=7 (full 0):
 garbage-first heap   total 131072K, used 98852K [0x0000000080000000, 0x0000000100000000)
  region size 1024K, 76 young (77824K), 7 survivors (7168K)
 Metaspace       used 33509K, committed 34432K, reserved 491520K
  class space    used 4936K, committed 5376K, reserved 425984K
}
Event: 5.319 GC heap after
{Heap after GC invocations=8 (full 0):
 garbage-first heap   total 131072K, used 30981K [0x0000000080000000, 0x0000000100000000)
  region size 1024K, 8 young (8192K), 8 survivors (8192K)
 Metaspace       used 33509K, committed 34432K, reserved 491520K
  class space    used 4936K, committed 5376K, reserved 425984K
}
Event: 5.654 GC heap before
{Heap before GC invocations=8 (full 0):
 garbage-first heap   total 131072K, used 48389K [0x0000000080000000, 0x0000000100000000)
  region size 1024K, 26 young (26624K), 8 survivors (8192K)
 Metaspace       used 35013K, committed 35968K, reserved 491520K
  class space    used 5141K, committed 5632K, reserved 425984K
}
Event: 5.658 GC heap after
{Heap after GC invocations=9 (full 0):
 garbage-first heap   total 131072K, used 32967K [0x0000000080000000, 0x0000000100000000)
  region size 1024K, 6 young (6144K), 6 survivors (6144K)
 Metaspace       used 35013K, committed 35968K, reserved 491520K
  class space    used 5141K, committed 5632K, reserved 425984K
}
Event: 6.650 GC heap before
{Heap before GC invocations=10 (full 0):
 garbage-first heap   total 131072K, used 110791K [0x0000000080000000, 0x0000000100000000)
  region size 1024K, 76 young (77824K), 6 survivors (6144K)
 Metaspace       used 45065K, committed 46272K, reserved 491520K
  class space    used 6268K, committed 6848K, reserved 425984K
}
Event: 6.655 GC heap after
{Heap after GC invocations=11 (full 0):
 garbage-first heap   total 131072K, used 38306K [0x0000000080000000, 0x0000000100000000)
  region size 1024K, 10 young (10240K), 10 survivors (10240K)
 Metaspace       used 45065K, committed 46272K, reserved 491520K
  class space    used 6268K, committed 6848K, reserved 425984K
}
Event: 7.154 GC heap before
{Heap before GC invocations=11 (full 0):
 garbage-first heap   total 131072K, used 105890K [0x0000000080000000, 0x0000000100000000)
  region size 1024K, 76 young (77824K), 10 survivors (10240K)
 Metaspace       used 53182K, committed 54336K, reserved 491520K
  class space    used 7748K, committed 8320K, reserved 425984K
}
Event: 7.159 GC heap after
{Heap after GC invocations=12 (full 0):
 garbage-first heap   total 131072K, used 41511K [0x0000000080000000, 0x0000000100000000)
  region size 1024K, 3 young (3072K), 3 survivors (3072K)
 Metaspace       used 53182K, committed 54336K, reserved 491520K
  class space    used 7748K, committed 8320K, reserved 425984K
}
Event: 7.512 GC heap before
{Heap before GC invocations=12 (full 0):
 garbage-first heap   total 131072K, used 79399K [0x0000000080000000, 0x0000000100000000)
  region size 1024K, 41 young (41984K), 3 survivors (3072K)
 Metaspace       used 59025K, committed 60160K, reserved 491520K
  class space    used 8469K, committed 9024K, reserved 425984K
}
Event: 7.515 GC heap after
{Heap after GC invocations=13 (full 0):
 garbage-first heap   total 157696K, used 41971K [0x0000000080000000, 0x0000000100000000)
  region size 1024K, 4 young (4096K), 4 survivors (4096K)
 Metaspace       used 59025K, committed 60160K, reserved 491520K
  class space    used 8469K, committed 9024K, reserved 425984K
}

