# JRE version: OpenJDK Runtime Environment Temurin-21.0.9+10 (21.0.9+10) (build 21.0.9+10-LTS)
# Java VM: OpenJDK 64-Bit Server VM Temurin-21.0.9+10 (21.0.9+10-LTS, mixed mode, sharing, tiered, compressed oops, compressed class ptrs, g1 gc, windows-amd64)
GC Precious Log:
 CardTable entry size: 512
 Card Set container configuration: InlinePtr #cards 5 size 8 Array Of Cards #cards 12 size 40 Howl #buckets 4 coarsen threshold 1843 Howl Bitmap #cards 512 size 80 coarsen threshold 460 Card regions per heap region 1 cards per card region 2048
 CPUs: 16 total, 16 available
 Memory: 15770M
 Large Page Support: Disabled
 NUMA Support: Disabled
 Compressed Oops: Enabled (32-bit)
 Heap Region Size: 1M
 Heap Min Capacity: 128M
 Heap Initial Capacity: 128M
 Heap Max Capacity: 2G
 Pre-touch: Disabled
 Parallel Workers: 13
 Concurrent Workers: 3
 Concurrent Refinement Workers: 13
 Periodic GC: Disabled
Heap:
 garbage-first heap   total 168960K, used 80174K [0x0000000080000000, 0x0000000100000000)
  region size 1024K, 5 young (5120K), 5 survivors (5120K)
 Metaspace       used 76035K, committed 77376K, reserved 557056K
  class space    used 10321K, committed 10944K, reserved 425984K
GC Heap History (20 events):
Event: 4.269 GC heap after
{Heap after GC invocations=7 (full 0):
 garbage-first heap   total 131072K, used 29919K [0x0000000080000000, 0x0000000100000000)
  region size 1024K, 7 young (7168K), 7 survivors (7168K)
 Metaspace       used 30756K, committed 31744K, reserved 491520K
  class space    used 4521K, committed 4992K, reserved 425984K
}
Event: 5.062 GC heap before
{Heap before GC invocations=7 (full 0):
 garbage-first heap   total 131072K, used 93407K [0x0000000080000000, 0x0000000100000000)
  region size 1024K, 71 young (72704K), 7 survivors (7168K)
 Metaspace       used 35002K, committed 35968K, reserved 491520K
  class space    used 5143K, committed 5632K, reserved 425984K
}
Event: 5.068 GC heap after
{Heap after GC invocations=8 (full 0):
 garbage-first heap   total 131072K, used 33995K [0x0000000080000000, 0x0000000100000000)
  region size 1024K, 5 young (5120K), 5 survivors (5120K)
 Metaspace       used 35002K, committed 35968K, reserved 491520K
  class space    used 5143K, committed 5632K, reserved 425984K
}
Event: 5.128 GC heap before
{Heap before GC invocations=8 (full 0):
 garbage-first heap   total 131072K, used 36043K [0x0000000080000000, 0x0000000100000000)
  region size 1024K, 8 young (8192K), 5 survivors (5120K)
 Metaspace       used 35400K, committed 36288K, reserved 491520K
  class space    used 5207K, committed 5632K, reserved 425984K
}
Event: 5.130 GC heap after
{Heap after GC invocations=9 (full 0):
 garbage-first heap   total 131072K, used 33275K [0x0000000080000000, 0x0000000100000000)
  region size 1024K, 4 young (4096K), 4 survivors (4096K)
 Metaspace       used 35400K, committed 36288K, reserved 491520K
  class space    used 5207K, committed 5632K, reserved 425984K
}
Event: 6.421 GC heap before
{Heap before GC invocations=10 (full 0):
 garbage-first heap   total 131072K, used 111099K [0x0000000080000000, 0x0000000100000000)
  region size 1024K, 76 young (77824K), 4 survivors (4096K)
 Metaspace       used 43665K, committed 44800K, reserved 491520K
  class space    used 6157K, committed 6720K, reserved 425984K
}
Event: 6.429 GC heap after
{Heap after GC invocations=11 (full 0):
 garbage-first heap   total 157696K, used 40783K [0x0000000080000000, 0x0000000100000000)
  region size 1024K, 10 young (10240K), 10 survivors (10240K)
 Metaspace       used 43665K, committed 44800K, reserved 491520K
  class space    used 6157K, committed 6720K, reserved 425984K
}
Event: 6.706 GC heap before
{Heap before GC invocations=11 (full 0):
 garbage-first heap   total 157696K, used 124751K [0x0000000080000000, 0x0000000100000000)
  region size 1024K, 92 young (94208K), 10 survivors (10240K)
 Metaspace       used 43673K, committed 44800K, reserved 491520K
  class space    used 6157K, committed 6720K, reserved 425984K
}
Event: 6.715 GC heap after
{Heap after GC invocations=12 (full 0):
 garbage-first heap   total 157696K, used 46167K [0x0000000080000000, 0x0000000100000000)
  region size 1024K, 6 young (6144K), 6 survivors (6144K)
 Metaspace       used 43673K, committed 44800K, reserved 491520K
  class space    used 6157K, committed 6720K, reserved 425984K
}
Event: 7.772 GC heap before
{Heap before GC invocations=12 (full 0):
 garbage-first heap   total 157696K, used 135255K [0x0000000080000000, 0x0000000100000000)
  region size 1024K, 92 young (94208K), 6 survivors (6144K)
 Metaspace       used 46896K, committed 48064K, reserved 491520K
  class space    used 6474K, committed 7040K, reserved 425984K
}
Event: 7.777 GC heap after
{Heap after GC invocations=13 (full 0):
 garbage-first heap   total 157696K, used 51207K [0x0000000080000000, 0x0000000100000000)
  region size 1024K, 10 young (10240K), 10 survivors (10240K)
 Metaspace       used 46896K, committed 48064K, reserved 491520K
  class space    used 6474K, committed 7040K, reserved 425984K
}
Event: 8.877 GC heap before
{Heap before GC invocations=13 (full 0):
 garbage-first heap   total 157696K, used 135175K [0x0000000080000000, 0x0000000100000000)
  region size 1024K, 92 young (94208K), 10 survivors (10240K)
 Metaspace       used 56023K, committed 57280K, reserved 491520K
  class space    used 8075K, committed 8640K, reserved 425984K
}
Event: 8.882 GC heap after
{Heap after GC invocations=14 (full 0):
 garbage-first heap   total 157696K, used 52436K [0x0000000080000000, 0x0000000100000000)
  region size 1024K, 8 young (8192K), 8 survivors (8192K)
 Metaspace       used 56023K, committed 57280K, reserved 491520K
  class space    used 8075K, committed 8640K, reserved 425984K
}
Event: 10.275 GC heap before
{Heap before GC invocations=14 (full 0):
 garbage-first heap   total 157696K, used 74964K [0x0000000080000000, 0x0000000100000000)
  region size 1024K, 31 young (31744K), 8 survivors (8192K)
 Metaspace       used 59540K, committed 60736K, reserved 491520K
  class space    used 8517K, committed 9088K, reserved 425984K
}
Event: 10.278 GC heap after
{Heap after GC invocations=15 (full 0):
 garbage-first heap   total 157696K, used 52799K [0x0000000080000000, 0x0000000100000000)
  region size 1024K, 4 young (4096K), 4 survivors (4096K)
 Metaspace       used 59540K, committed 60736K, reserved 491520K
  class space    used 8517K, committed 9088K, reserved 425984K
}
Event: 11.352 GC heap before
{Heap before GC invocations=16 (full 0):
 garbage-first heap   total 157696K, used 150079K [0x0000000080000000, 0x0000000100000000)
  region size 1024K, 92 young (94208K), 4 survivors (4096K)
 Metaspace       used 66973K, committed 68288K, reserved 491520K
  class space    used 9414K, committed 10048K, reserved 425984K
}
Event: 13.382 GC heap after
{Heap after GC invocations=17 (full 0):
 garbage-first heap   total 168960K, used 67376K [0x0000000080000000, 0x0000000100000000)
  region size 1024K, 12 young (12288K), 12 survivors (12288K)
 Metaspace       used 66973K, committed 68288K, reserved 491520K
  class space    used 9414K, committed 10048K, reserved 425984K
}
Event: 13.388 GC heap before
{Heap before GC invocations=17 (full 0):
 garbage-first heap   total 168960K, used 68400K [0x0000000080000000, 0x0000000100000000)
  region size 1024K, 13 young (13312K), 12 survivors (12288K)
 Metaspace       used 66994K, committed 68352K, reserved 491520K
  class space    used 9415K, committed 10048K, reserved 425984K
}
Event: 13.393 GC heap after
{Heap after GC invocations=18 (full 0):
 garbage-first heap   total 168960K, used 68435K [0x0000000080000000, 0x0000000100000000)
  region size 1024K, 2 young (2048K), 2 survivors (2048K)
 Metaspace       used 66994K, committed 68352K, reserved 491520K
  class space    used 9415K, committed 10048K, reserved 425984K
}
Event: 16.334 GC heap before
{Heap before GC invocations=18 (full 0):
 garbage-first heap   total 168960K, used 152403K [0x0000000080000000, 0x0000000100000000)
  region size 1024K, 78 young (79872K), 2 survivors (2048K)
 Metaspace       used 76035K, committed 77376K, reserved 557056K
  class space    used 10321K, committed 10944K, reserved 425984K
}

